[22:23:22] [ServerMain/INFO]: [bootstrap] Running Java 21 (OpenJDK 64-Bit Server VM 21.0.8+9-LTS; Eclipse Adoptium Temurin-21.0.8+9) on Windows 11 10.0 (amd64)
[22:23:22] [ServerMain/INFO]: [bootstrap] Loading Paper 1.21.8-56-main@65641d1 (2025-08-29T20:44:17Z) for Minecraft 1.21.8
[22:23:23] [ServerMain/INFO]: [PluginInitializerManager] Initializing plugins...
[22:23:23] [ServerMain/INFO]: [PluginInitializerManager] Initialized 1 plugin
[22:23:23] [ServerMain/INFO]: [PluginInitializerManager] Paper plugins (1):
 - HideAndSeek (1.0-SNAPSHOT)
[22:23:27] [ServerMain/INFO]: Environment: Environment[sessionHost=https://sessionserver.mojang.com, servicesHost=https://api.minecraftservices.com, name=PROD]
[22:23:28] [ServerMain/INFO]: Loaded 1407 recipes
[22:23:28] [ServerMain/INFO]: Loaded 1520 advancements
[22:23:28] [ServerMain/INFO]: [ca.spottedleaf.dataconverter.minecraft.datatypes.MCTypeRegistry] Initialising converters for DataConverter...
[22:23:28] [ServerMain/INFO]: [ca.spottedleaf.dataconverter.minecraft.datatypes.MCTypeRegistry] Finished initialising converters for DataConverter in 330,0ms
[22:23:28] [Server thread/INFO]: Starting minecraft server version 1.21.8
[22:23:28] [Server thread/INFO]: Loading properties
[22:23:29] [Server thread/INFO]: This server is running Paper version 1.21.8-56-main@65641d1 (2025-08-29T20:44:17Z) (Implementing API version 1.21.8-R0.1-SNAPSHOT)
[22:23:29] [Server thread/INFO]: [spark] This server bundles the spark profiler. For more information please visit https://docs.papermc.io/paper/profiling
[22:23:29] [Server thread/INFO]: Server Ping Player Sample Count: 12
[22:23:29] [Server thread/INFO]: Using 4 threads for Netty based IO
[22:23:29] [Server thread/INFO]: [MoonriseCommon] Paper is using 3 worker threads, 1 I/O threads
[22:23:29] [Server thread/INFO]: [ChunkTaskScheduler] Chunk system is using population gen parallelism: true
[22:23:29] [Server thread/INFO]: Default game type: SURVIVAL
[22:23:29] [Server thread/INFO]: Generating keypair
[22:23:29] [Server thread/INFO]: Starting Minecraft server on *:25565
[22:23:29] [Server thread/INFO]: Using default channel type
[22:23:29] [Server thread/INFO]: Paper: Using Java compression from Velocity.
[22:23:29] [Server thread/INFO]: Paper: Using Java cipher from Velocity.
[22:23:29] [Server thread/INFO]: [HideAndSeek] Loading server plugin HideAndSeek v1.0-SNAPSHOT
[22:23:29] [Server thread/INFO]: Server permissions file permissions.yml is empty, ignoring it
[22:23:29] [Server thread/INFO]: Preparing level "world"
[22:23:30] [Server thread/INFO]: Preparing start region for dimension minecraft:overworld
[22:23:30] [Server thread/INFO]: Preparing spawn area: 0%
[22:23:30] [Server thread/INFO]: Preparing spawn area: 34%
[22:23:30] [Server thread/INFO]: Time elapsed: 619 ms
[22:23:30] [Server thread/INFO]: Preparing start region for dimension minecraft:the_nether
[22:23:30] [Server thread/INFO]: Preparing spawn area: 0%
[22:23:31] [Server thread/INFO]: Time elapsed: 73 ms
[22:23:31] [Server thread/INFO]: Preparing start region for dimension minecraft:the_end
[22:23:31] [Server thread/INFO]: Preparing spawn area: 0%
[22:23:31] [Server thread/INFO]: Time elapsed: 50 ms
[22:23:31] [Server thread/INFO]: [HideAndSeek] Enabling HideAndSeek v1.0-SNAPSHOT
[22:23:31] [Server thread/INFO]: Hide and Seek enabled!
[22:23:31] [Server thread/INFO]: [spark] Starting background profiler...
[22:23:31] [Server thread/INFO]: [spark] The async-profiler engine is not supported for your os/arch (windows11/amd64), so the built-in Java engine will be used instead.
[22:23:31] [Server thread/INFO]: Done preparing level "world" (1.270s)
[22:23:31] [Server thread/INFO]: Running delayed init tasks
[22:23:31] [Server thread/INFO]: Done (9.357s)! For help, type "help"
[22:23:33] [User Authenticator #0/INFO]: UUID of player FadeIT is f9ed96bb-c656-4ea0-896b-1d48f2a4c70f
[22:23:33] [Server thread/INFO]: Countdown gestartet!
[22:23:33] [Server thread/INFO]: [+] FadeIT joined!
[22:23:33] [Server thread/INFO]: FadeIT[/127.0.0.1:65135] logged in with entity id 25 at ([world]0.0, 0.0, 0.0)
[22:23:33] [Server thread/INFO]: Spiel startet in 10 Sekunden
[22:23:34] [Server thread/INFO]: Spiel startet in 9 Sekunden
[22:23:35] [Server thread/INFO]: Spiel startet in 8 Sekunden
[22:23:36] [Server thread/INFO]: Spiel startet in 7 Sekunden
[22:23:37] [Server thread/INFO]: Spiel startet in 6 Sekunden
[22:23:38] [Server thread/INFO]: Spiel startet in 5 Sekunden
[22:23:39] [Server thread/INFO]: Spiel startet in 4 Sekunden
[22:23:40] [Server thread/INFO]: Spiel startet in 3 Sekunden
[22:23:41] [Server thread/INFO]: Spiel startet in 2 Sekunden
[22:23:42] [Server thread/INFO]: Spiel startet in 1 Sekunden
[22:23:43] [Server thread/INFO]: Das Spiel startet jetzt!
[22:24:17] [Server thread/INFO]: FadeIT issued server command: /setLobby
[22:24:19] [Server thread/INFO]: FadeIT lost connection: Disconnected
[22:24:21] [User Authenticator #0/INFO]: UUID of player FadeIT is f9ed96bb-c656-4ea0-896b-1d48f2a4c70f
[22:24:21] [Server thread/INFO]: [+] FadeIT joined!
[22:24:21] [Server thread/INFO]: FadeIT[/127.0.0.1:65175] logged in with entity id 430 at ([world]-6.503694622444088, 63.0, 27.230044916445)
[22:24:28] [Server thread/INFO]: FadeIT lost connection: Disconnected
[22:24:30] [User Authenticator #0/INFO]: UUID of player FadeIT is f9ed96bb-c656-4ea0-896b-1d48f2a4c70f
[22:24:30] [Server thread/INFO]: [+] FadeIT joined!
[22:24:30] [Server thread/INFO]: FadeIT[/127.0.0.1:65186] logged in with entity id 459 at ([world]-6.503694622444088, 63.0, 27.230044916445)
[22:25:21] [Server thread/INFO]: FadeIT lost connection: Disconnected
